TN:
SF:src\modules\appointments\services\CreateAppointmentService.ts
FN:18,(anonymous_18)
FN:19,CreateAppointmentService
FN:24,(anonymous_20)
FNF:3
FNH:3
FNDA:1,(anonymous_18)
FNDA:2,CreateAppointmentService
FNDA:3,(anonymous_20)
DA:1,1
DA:2,1
DA:6,1
DA:18,1
DA:21,2
DA:24,1
DA:25,3
DA:26,3
DA:28,3
DA:30,3
DA:34,3
DA:35,1
DA:38,2
DA:45,2
DA:47,1
DA:49,1
LF:16
LH:16
BRDA:34,0,0,1
BRDA:34,0,1,2
BRF:2
BRH:2
end_of_record
TN:
SF:src\modules\users\services\AuthenticateUserService.ts
FN:21,(anonymous_18)
FN:22,AuthenticateUserService
FN:28,(anonymous_20)
FNF:3
FNH:3
FNDA:1,(anonymous_18)
FNDA:1,AuthenticateUserService
FNDA:1,(anonymous_20)
DA:2,1
DA:3,1
DA:5,1
DA:7,1
DA:21,1
DA:24,1
DA:26,1
DA:28,1
DA:29,1
DA:31,1
DA:32,1
DA:33,1
DA:36,0
DA:39,0
DA:41,0
DA:42,0
DA:44,0
DA:47,0
DA:52,0
DA:54,1
DA:56,1
LF:21
LH:14
BRDA:32,0,0,1
BRDA:32,0,1,0
BRDA:41,1,0,0
BRDA:41,1,1,0
BRF:4
BRH:1
end_of_record
TN:
SF:src\modules\users\services\CreateUserService.ts
FN:14,(anonymous_18)
FN:15,CreateUserService
FN:22,(anonymous_20)
FNF:3
FNH:3
FNDA:2,(anonymous_18)
FNDA:3,CreateUserService
FNDA:4,(anonymous_20)
DA:1,2
DA:3,2
DA:14,2
DA:17,3
DA:19,3
DA:22,4
DA:23,4
DA:25,4
DA:26,0
DA:28,4
DA:29,4
DA:35,4
DA:37,2
DA:39,2
LF:14
LH:13
BRDA:23,0,0,4
BRDA:25,1,0,0
BRDA:25,1,1,4
BRF:3
BRH:2
end_of_record
TN:
SF:src\modules\users\services\UpdateUserAvatarService.ts
FN:14,(anonymous_18)
FN:15,UpdateUserAvatarService
FN:19,(anonymous_20)
FNF:3
FNH:0
FNDA:0,(anonymous_18)
FNDA:0,UpdateUserAvatarService
FNDA:0,(anonymous_20)
DA:2,0
DA:3,0
DA:4,0
DA:5,0
DA:6,0
DA:14,0
DA:17,0
DA:19,0
DA:20,0
DA:22,0
DA:23,0
DA:29,0
DA:31,0
DA:36,0
DA:40,0
DA:41,0
DA:45,0
DA:47,0
DA:49,0
DA:51,0
DA:52,0
LF:21
LH:0
BRDA:20,0,0,0
BRDA:22,1,0,0
BRDA:22,1,1,0
BRDA:29,2,0,0
BRDA:29,2,1,0
BRDA:40,3,0,0
BRDA:40,3,1,0
BRF:7
BRH:0
end_of_record
